Using pre-set license
Built from '2020.3/staging' branch; Version is '2020.3.25f1 (9b9180224418) revision 10195328'; Using compiler version '192528614'; Build Type 'Release'
OS: 'Windows 10  (10.0.19043) 64bit Core' Language: 'zh' Physical Memory: 16192 MB
BatchMode: 1, IsHumanControllingUs: 0, StartBugReporterOnCrash: 0, Is64bit: 1, IsPro: 0

COMMAND LINE ARGUMENTS:
C:\Program Files\Unity\Hub\Editor\2020.3.25f1\Editor\Unity.exe
-adb2
-batchMode
-noUpm
-name
AssetImportWorker0
-projectPath
C:/Users/immortalimpostor9634/Documents/Unity/unity_asia_LEGOplayground/LEGO_3.19/LEGO_3.19
-logFile
Logs/AssetImportWorker0.log
-srvPort
50404
Successfully changed project path to: C:/Users/immortalimpostor9634/Documents/Unity/unity_asia_LEGOplayground/LEGO_3.19/LEGO_3.19
C:/Users/immortalimpostor9634/Documents/Unity/unity_asia_LEGOplayground/LEGO_3.19/LEGO_3.19
Using Asset Import Pipeline V2.
Refreshing native plugins compatible for Editor in 82.48 ms, found 2 plugins.
Preloading 0 native plugins for Editor in 0.00 ms.
Initialize engine version: 2020.3.25f1 (9b9180224418)
[Subsystems] Discovering subsystems at path C:/Program Files/Unity/Hub/Editor/2020.3.25f1/Editor/Data/Resources/UnitySubsystems
[Subsystems] Discovering subsystems at path C:/Users/immortalimpostor9634/Documents/Unity/unity_asia_LEGOplayground/LEGO_3.19/LEGO_3.19/Assets
GfxDevice: creating device client; threaded=0
Direct3D:
    Version:  Direct3D 11.0 [level 11.1]
    Renderer: NVIDIA GeForce GTX 1650 (ID=0x1f91)
    Vendor:   
    VRAM:     3962 MB
    Driver:   27.21.14.5763
Initialize mono
Mono path[0] = 'C:/Program Files/Unity/Hub/Editor/2020.3.25f1/Editor/Data/Managed'
Mono path[1] = 'C:/Program Files/Unity/Hub/Editor/2020.3.25f1/Editor/Data/MonoBleedingEdge/lib/mono/unityjit'
Mono config path = 'C:/Program Files/Unity/Hub/Editor/2020.3.25f1/Editor/Data/MonoBleedingEdge/etc'
Using monoOptions --debugger-agent=transport=dt_socket,embedding=1,server=y,suspend=n,address=127.0.0.1:56240
Begin MonoManager ReloadAssembly
Registering precompiled unity dll's ...
Register platform support module: C:/Program Files/Unity/Hub/Editor/2020.3.25f1/Editor/Data/PlaybackEngines/WebGLSupport/UnityEditor.WebGL.Extensions.dll
Register platform support module: C:/Program Files/Unity/Hub/Editor/2020.3.25f1/Editor/Data/PlaybackEngines/WindowsStandaloneSupport/UnityEditor.WindowsStandalone.Extensions.dll
Registered in 0.004619 seconds.
Native extension for WindowsStandalone target not found
Native extension for WebGL target not found
Refreshing native plugins compatible for Editor in 73.39 ms, found 2 plugins.
Preloading 0 native plugins for Editor in 0.00 ms.
Mono: successfully reloaded assembly
- Completed reload, in  0.765 seconds
Domain Reload Profiling:
	ReloadAssembly (766ms)
		BeginReloadAssembly (79ms)
			ExecutionOrderSort (0ms)
			DisableScriptedObjects (0ms)
			BackupInstance (0ms)
			ReleaseScriptingObjects (0ms)
			CreateAndSetChildDomain (1ms)
		EndReloadAssembly (587ms)
			LoadAssemblies (76ms)
			RebuildTransferFunctionScriptingTraits (0ms)
			SetupTypeCache (198ms)
			ReleaseScriptCaches (0ms)
			RebuildScriptCaches (33ms)
			SetupLoadedEditorAssemblies (228ms)
				LogAssemblyErrors (0ms)
				InitializePlatformSupportModulesInManaged (7ms)
				SetLoadedEditorAssemblies (0ms)
				RefreshPlugins (74ms)
				BeforeProcessingInitializeOnLoad (20ms)
				ProcessInitializeOnLoadAttributes (95ms)
				ProcessInitializeOnLoadMethodAttributes (32ms)
				AfterProcessingInitializeOnLoad (0ms)
				EditorAssembliesLoaded (0ms)
			ExecutionOrderSort2 (0ms)
			AwakeInstancesAfterBackupRestoration (0ms)
Platform modules already initialized, skipping
Registering precompiled user dll's ...
Registered in 0.008543 seconds.
Begin MonoManager ReloadAssembly
Native extension for WindowsStandalone target not found
Native extension for WebGL target not found
Refreshing native plugins compatible for Editor in 0.75 ms, found 2 plugins.
Preloading 0 native plugins for Editor in 0.00 ms.
Mono: successfully reloaded assembly
- Completed reload, in  1.453 seconds
Domain Reload Profiling:
	ReloadAssembly (1454ms)
		BeginReloadAssembly (198ms)
			ExecutionOrderSort (0ms)
			DisableScriptedObjects (7ms)
			BackupInstance (0ms)
			ReleaseScriptingObjects (0ms)
			CreateAndSetChildDomain (25ms)
		EndReloadAssembly (1163ms)
			LoadAssemblies (153ms)
			RebuildTransferFunctionScriptingTraits (0ms)
			SetupTypeCache (406ms)
			ReleaseScriptCaches (1ms)
			RebuildScriptCaches (67ms)
			SetupLoadedEditorAssemblies (442ms)
				LogAssemblyErrors (0ms)
				InitializePlatformSupportModulesInManaged (7ms)
				SetLoadedEditorAssemblies (1ms)
				RefreshPlugins (1ms)
				BeforeProcessingInitializeOnLoad (127ms)
				ProcessInitializeOnLoadAttributes (281ms)
				ProcessInitializeOnLoadMethodAttributes (13ms)
				AfterProcessingInitializeOnLoad (12ms)
				EditorAssembliesLoaded (0ms)
			ExecutionOrderSort2 (0ms)
			AwakeInstancesAfterBackupRestoration (7ms)
Platform modules already initialized, skipping
========================================================================
Worker process is ready to serve import requests
Launched and connected shader compiler UnityShaderCompiler.exe after 0.07 seconds
Refreshing native plugins compatible for Editor in 0.73 ms, found 2 plugins.
Preloading 0 native plugins for Editor in 0.00 ms.
Unloading 2131 Unused Serialized files (Serialized files now loaded: 0)
System memory in use before: 96.3 MB.
System memory in use after: 96.4 MB.

Unloading 21 unused Assets to reduce memory usage. Loaded Objects now: 2563.
Total: 5.003300 ms (FindLiveObjects: 0.992100 ms CreateObjectMapping: 0.346400 ms MarkObjects: 3.567500 ms  DeleteObjects: 0.093900 ms)

AssetImportParameters requested are different than current active one (requested -> active):
  custom:framework-win-MediaFoundation: 216162199b28c13a410421893ffa2e32 -> 
  custom:video-decoder-ogg-theora: a1e56fd34408186e4bbccfd4996cb3dc -> 
  custom:container-muxer-webm: aa71ff27fc2769a1b78a27578f13a17b -> 
  custom:container-demuxer-webm: 4f35f7cbe854078d1ac9338744f61a02 -> 
  custom:container-demuxer-ogg: 62fdf1f143b41e24485cea50d1cbac27 -> 
  custom:video-encoder-webm-vp8: eb34c28f22e8b96e1ab97ce403110664 -> 
  custom:video-codec-MediaFoundation-h265: 746d11721c4dcdbdad8f713fa42b33f4 -> 
  custom:video-decoder-webm-vp8: 9c59270c3fd7afecdb556c50c9e8de78 -> 
  custom:audio-decoder-ogg-vorbis: bf7c407c2cedff20999df2af8eb42d56 -> 
  custom:audio-encoder-webm-vorbis: bf7c407c2cedff20999df2af8eb42d56 -> 
========================================================================
Received Import Request.
  path: Assets/DL_Fantasy_RPG_Effects/prefab/explode.prefab
  artifactKey: Guid(2bdc186a2c521f1488fe14cb4a745323) Importer(815301076,1909f56bfc062723c751e8b465ee728b)
Start importing Assets/DL_Fantasy_RPG_Effects/prefab/explode.prefab using Guid(2bdc186a2c521f1488fe14cb4a745323) Importer(815301076,1909f56bfc062723c751e8b465ee728b)  -> (artifact id: 'e32561f8fb5bfb6420efa565363e6376') in 0.249082 seconds 
  Import took 0.254488 seconds .

========================================================================
Received Import Request.
  Time since last request: 0.000253 seconds.
  path: Assets/DL_Fantasy_RPG_Effects/prefab/star4.prefab
  artifactKey: Guid(4d7cade01d366e7458905879e0874956) Importer(815301076,1909f56bfc062723c751e8b465ee728b)
Start importing Assets/DL_Fantasy_RPG_Effects/prefab/star4.prefab using Guid(4d7cade01d366e7458905879e0874956) Importer(815301076,1909f56bfc062723c751e8b465ee728b)  -> (artifact id: '30a31beabff4071aad99b09bc51970fa') in 0.023771 seconds 
  Import took 0.028535 seconds .

========================================================================
Received Import Request.
  Time since last request: 0.000256 seconds.
  path: Assets/DL_Fantasy_RPG_Effects/prefab/star2.prefab
  artifactKey: Guid(eff797b50bb18e64c8057ef583cec496) Importer(815301076,1909f56bfc062723c751e8b465ee728b)
Start importing Assets/DL_Fantasy_RPG_Effects/prefab/star2.prefab using Guid(eff797b50bb18e64c8057ef583cec496) Importer(815301076,1909f56bfc062723c751e8b465ee728b)  -> (artifact id: '10f68fa980c5b299adddd89d0376cbee') in 0.025286 seconds 
  Import took 0.030298 seconds .

========================================================================
Received Import Request.
  Time since last request: 0.000273 seconds.
  path: Assets/DL_Fantasy_RPG_Effects/prefab/explode_2.prefab
  artifactKey: Guid(d157fcfc73457ea44b9a125e5be375ca) Importer(815301076,1909f56bfc062723c751e8b465ee728b)
Start importing Assets/DL_Fantasy_RPG_Effects/prefab/explode_2.prefab using Guid(d157fcfc73457ea44b9a125e5be375ca) Importer(815301076,1909f56bfc062723c751e8b465ee728b)  -> (artifact id: 'b917da3948b4694511cdce293400eeb6') in 0.025275 seconds 
  Import took 0.029716 seconds .

========================================================================
Received Import Request.
  Time since last request: 0.000236 seconds.
  path: Assets/DL_Fantasy_RPG_Effects/prefab/star1.prefab
  artifactKey: Guid(6c1e328deef14cf41982d5f9232e04ff) Importer(815301076,1909f56bfc062723c751e8b465ee728b)
Start importing Assets/DL_Fantasy_RPG_Effects/prefab/star1.prefab using Guid(6c1e328deef14cf41982d5f9232e04ff) Importer(815301076,1909f56bfc062723c751e8b465ee728b)  -> (artifact id: '0ec9fb31365e302103b91c08f847c6a3') in 0.023577 seconds 
  Import took 0.027886 seconds .

========================================================================
Received Import Request.
  Time since last request: 0.000247 seconds.
  path: Assets/DL_Fantasy_RPG_Effects/prefab/star5.prefab
  artifactKey: Guid(847bc0ce7577e6a4992fb57041d6294b) Importer(815301076,1909f56bfc062723c751e8b465ee728b)
Start importing Assets/DL_Fantasy_RPG_Effects/prefab/star5.prefab using Guid(847bc0ce7577e6a4992fb57041d6294b) Importer(815301076,1909f56bfc062723c751e8b465ee728b)  -> (artifact id: 'c2a4e872aaad1030f4159839095ec059') in 0.023774 seconds 
  Import took 0.028548 seconds .

========================================================================
Received Import Request.
  Time since last request: 0.000244 seconds.
  path: Assets/DL_Fantasy_RPG_Effects/prefab/star3.prefab
  artifactKey: Guid(953ca70406ee83c468a2f42fd56bdbe7) Importer(815301076,1909f56bfc062723c751e8b465ee728b)
Start importing Assets/DL_Fantasy_RPG_Effects/prefab/star3.prefab using Guid(953ca70406ee83c468a2f42fd56bdbe7) Importer(815301076,1909f56bfc062723c751e8b465ee728b)  -> (artifact id: 'dd42e98102472ae0912d4ee5a466f0a2') in 0.022945 seconds 
  Import took 0.027101 seconds .

========================================================================
Received Import Request.
  Time since last request: 18.351275 seconds.
  path: Assets/LEGO/Scenes/Playground.unity
  artifactKey: Guid(11e617b9701224959be0f1b25929294e) Importer(815301076,1909f56bfc062723c751e8b465ee728b)
Start importing Assets/LEGO/Scenes/Playground.unity using Guid(11e617b9701224959be0f1b25929294e) Importer(815301076,1909f56bfc062723c751e8b465ee728b)  -> (artifact id: '99a773fc970a358fffd4af50e47ab257') in 0.011939 seconds 
  Import took 0.016091 seconds .

========================================================================
Received Prepare
Registering precompiled user dll's ...
Registered in 0.010631 seconds.
Begin MonoManager ReloadAssembly
Native extension for WindowsStandalone target not found
Native extension for WebGL target not found
Refreshing native plugins compatible for Editor in 1.19 ms, found 2 plugins.
Preloading 0 native plugins for Editor in 0.00 ms.
Mono: successfully reloaded assembly
- Completed reload, in  1.404 seconds
Domain Reload Profiling:
	ReloadAssembly (1405ms)
		BeginReloadAssembly (155ms)
			ExecutionOrderSort (0ms)
			DisableScriptedObjects (5ms)
			BackupInstance (0ms)
			ReleaseScriptingObjects (0ms)
			CreateAndSetChildDomain (48ms)
		EndReloadAssembly (1159ms)
			LoadAssemblies (128ms)
			RebuildTransferFunctionScriptingTraits (0ms)
			SetupTypeCache (428ms)
			ReleaseScriptCaches (1ms)
			RebuildScriptCaches (63ms)
			SetupLoadedEditorAssemblies (415ms)
				LogAssemblyErrors (0ms)
				InitializePlatformSupportModulesInManaged (7ms)
				SetLoadedEditorAssemblies (1ms)
				RefreshPlugins (1ms)
				BeforeProcessingInitializeOnLoad (129ms)
				ProcessInitializeOnLoadAttributes (252ms)
				ProcessInitializeOnLoadMethodAttributes (12ms)
				AfterProcessingInitializeOnLoad (12ms)
				EditorAssembliesLoaded (0ms)
			ExecutionOrderSort2 (0ms)
			AwakeInstancesAfterBackupRestoration (10ms)
Platform modules already initialized, skipping
Refreshing native plugins compatible for Editor in 0.76 ms, found 2 plugins.
Preloading 0 native plugins for Editor in 0.00 ms.
Unloading 2091 Unused Serialized files (Serialized files now loaded: 0)
System memory in use before: 96.8 MB.
System memory in use after: 96.9 MB.

Unloading 16 unused Assets to reduce memory usage. Loaded Objects now: 2573.
Total: 4.570300 ms (FindLiveObjects: 0.455200 ms CreateObjectMapping: 0.141700 ms MarkObjects: 3.945500 ms  DeleteObjects: 0.025600 ms)

AssetImportParameters requested are different than current active one (requested -> active):
  custom:framework-win-MediaFoundation: 216162199b28c13a410421893ffa2e32 -> 
  custom:video-decoder-ogg-theora: a1e56fd34408186e4bbccfd4996cb3dc -> 
  custom:container-muxer-webm: aa71ff27fc2769a1b78a27578f13a17b -> 
  custom:container-demuxer-webm: 4f35f7cbe854078d1ac9338744f61a02 -> 
  custom:container-demuxer-ogg: 62fdf1f143b41e24485cea50d1cbac27 -> 
  custom:video-encoder-webm-vp8: eb34c28f22e8b96e1ab97ce403110664 -> 
  custom:video-codec-MediaFoundation-h265: 746d11721c4dcdbdad8f713fa42b33f4 -> 
  custom:video-decoder-webm-vp8: 9c59270c3fd7afecdb556c50c9e8de78 -> 
  custom:audio-decoder-ogg-vorbis: bf7c407c2cedff20999df2af8eb42d56 -> 
  custom:audio-encoder-webm-vorbis: bf7c407c2cedff20999df2af8eb42d56 -> 
AssetImportWorkerClient::OnTransportError - code=2 error=End of file
